### ISSUE TITLE
Port bootloader firmware to GCC

### ISSUE THREAD

**Issue by mithro** [im-tomu/tomu-bootloader#5]
@shenki has apparently started on this...

**Comment by slurdge** [comment]
I tried my hand at it. You can try it here: https://github.com/slurdge/tomu-bootloader

**Comment by mithro** [comment]
@slurdge Awesome! @xobs should take a look...

**Comment by mithro** [comment]
Just for people info, from IRC...
```
<kyaputen> mithro, xobs: I managed to compile the regular bootloader with gcc. After objcopy I obtain a ~14Kb binary (so +1Kb from IAR).
3:31 AM K<kyaputen> Obviously I can't test it. Anyone wants to try ? I'll also push all the changes
3:32 AM K<kyaputen> One question is where I should put all the silabs files. Some of them are included already on the git repo, should I put more ? Or have direction on how to get the package from silab and just configure the root of that
3:55 AM X<@xobs> Sushi: Thanks, I'll update that.
3:56 AM X<@xobs> kyaputen: Having a buildable repo would be nice.  What sorts of files are required/
3:59 AM K<kyaputen> I had to copy: CMSIS/{Include, Lib} EFM32HG/{Include, Source} emlib/{inc, src} and usb_gecko/{inc, src} from the Gecko SDK
3:59 AM K<kyaputen> I do not need _everything_ in the subfolders, it was just easier for the port since I didn't know in advance what was needed
4:00 AM K<kyaputen> So I have to options: push as-is, (i checked the licenses it should be ok) and change the makefile and add direction to download (reg required) and set path to main folder of the gecko SDK
4:04 AM K<kyaputen> *and -> or
4:13 AM X<@xobs> I'd say push as-is.  Since the code, as is right now, isn't really usable by anyone anyway.
4:30 AM K<kyaputen> Done. https://github.com/slurdge/tomu-bootloader you should be able to get to the src/ folder and make
```

**Comment by xobs** [comment]
The steps I took to build it are:
````
mkdir .obj
make SDK_PATH=../../../samples/Gecko_SDK/platform
````

@slurdge It doesn't quite work.  It's dereferencing an offset fairly early on and ending up in the hardfault handler:

````
(gdb)
0x0000321c in Reset_Handler ()
(gdb)
0x0000321e in Reset_Handler ()
(gdb) disassemble
Dump of assembler code for function Reset_Handler:
   0x00003214 <+0>:     ldr     r1, [pc, #20]   ; (0x322c <Reset_Handler+24>)
   0x00003216 <+2>:     ldr     r2, [pc, #24]   ; (0x3230 <Reset_Handler+28>)
   0x00003218 <+4>:     ldr     r3, [pc, #24]   ; (0x3234 <Reset_Handler+32>)
   0x0000321a <+6>:     subs    r3, r3, r2
   0x0000321c <+8>:     ble.n   0x3226 <Reset_Handler+18>
=> 0x0000321e <+10>:    subs    r3, #4
   0x00003220 <+12>:    ldr     r0, [r1, r3]
   0x00003222 <+14>:    str     r0, [r2, r3]
   0x00003224 <+16>:    bgt.n   0x321e <Reset_Handler+10>
   0x00003226 <+18>:    bl      0x6f8 <main>
   0x0000322a <+22>:    movs    r0, r0
   0x0000322c <+24>:    adds    r7, #10
   0x0000322e <+26>:    movs    r0, r0
   0x00003230 <+28>:    movs    r0, r0
   0x00003232 <+30>:    movs    r0, #0
   0x00003234 <+32>:    lsls    r0, r0, #2
   0x00003236 <+34>:    movs    r0, #0
End of assembler dump.
(gdb) info all
r0             0x8      8
r1             0x370a   14090
r2             0x20000000       536870912
r3             0x80     128
r4             0x378c   14220
r5             0x10000458       268436568
r6             0x8      8
r7             0x1      1
r8             0x0      0
r9             0x0      0
r10            0x1fff1ff8       536813560
r11            0x0      0
r12            0x4010010c       1074790668
sp             0x20002000       0x20002000
lr             0xfffffff9       -7
pc             0x321e   0x321e <Reset_Handler+10>
xPSR           0x21000000       553648128
msp            0x20002000       0x20002000
psp            0x0      0x0 <__Vectors>
primask        0x0      0
basepri        0x0      0
faultmask      0x0      0
control        0x0      0
(gdb) stepi
0x00003220 in Reset_Handler ()
(gdb) x $41
0x1 <__Vectors>:        0x15200020
(gdb) x $r3
0x7c <__Vectors+124>:   0x00003239
(gdb) stepi
0x00003238 in VCMP_IRQHandler ()
(gdb) disassemble VCMP_IRQHandler
Dump of assembler code for function VCMP_IRQHandler:
=> 0x00003238 <+0>:     b.n     0x3238 <VCMP_IRQHandler>
End of assembler dump.
(gdb)
````

**Comment by slurdge** [comment]
@xobs Ok I'll try to debug it when I can. Probably either a wrong linker offset or a stub I made that's uncorrect.

**Comment by slurdge** [comment]
I started to debug but the behaviour is quite strange. As long as I step instruction by instruction, the program works. However if I try to c(ontinue) or n(ext) over some functions, it crashes with pc&lr trashed:
```
Program received signal SIGTRAP, Trace/breakpoint trap.
Cannot access memory at address 0x52430a0c
```

I compiled with make deps && make. I added -g to CFLAGS to have debug info.

**Comment by xobs** [comment]
The IAR port does a first-stage pass where it loads some parts into RAM.  My first guess is that it has something to do with the Hail-Mary handoff from the pre-CRT section.

What does the entrypoint of your port look like, before it calls main()?

**Comment by slurdge** [comment]
You may be onto something. I did this for the port
```-D__START=main -D__NO_SYSTEM_INIT -DEFM32HG309F64 -DNO_RAMFUNCS -DSIMULATE_SWCLK_PIN_HI```
So I guess I start directly in main without any functions in RAMs.
Maybe this mode of operation isn't really supported.

**Comment by xobs** [comment]
If you don't at least zero out the .bss and copy the .data into RAM, your variables will be uninitialized.

This is done in toboot in the reset_handler function: https://github.com/im-tomu/tomu-bootloader/blob/master/toboot/reset_handler.c#L26

You can avoid the IVT pivot if you don't intend to run from RAM, but you should at least zero out the bss and copy the data section.

Note that Toboot fits entirely in RAM, so to ensure the initialization functions are run directly from flash they're put into a special .startup section, while the rest of the .text section is in RAM.  We can do this because Toboot's code + data + bss is under 8 kB.

**Comment by slurdge** [comment]
Yes but I guess this is done by the `startup_efm32hg.c` file in my case. Strange thing, I added some more defs, now its doesn't "crash", but completely kills the chip. I'm struggling to even make a debug connection to it afterwards... Weird ⁉️

**Comment by xobs** [comment]
That sounds like the chip is constantly resetting itself.  This is a situation where having a hard reset line can be handy, and why I've brought out the reset line in v0.4.

It's probably doing something like hardfaulting early on, which is jumping to an invalid address, which is causing it to double-hardfault, which is causing the chip to reset.  Your debugger has to send the "reset" command over SWD without the chip resetting in the middle of the command.

You can try playing around with "mon reset halt", or even just "mon halt", to try to get it into a stable state.

**Comment by slurdge** [comment]
Problem is I can't even attach to target now... Can I short the hard reset pin even is there is no trace (by targeting the pin directly on the efm32) ?

**Comment by xobs** [comment]
If anyone else wants this issue to be fixed, please reopen it.  However, with Toboot, this seems to no longer be a priority, so I'm closing it.
